C:\USERS\MARKIE-PC\DESKTOP\CONSOLEINTEGERSTACK\CONSOLEINTEGERSTACK\DEBUG\DRIVER.OBJ
C:\USERS\MARKIE-PC\DESKTOP\CONSOLEINTEGERSTACK\CONSOLEINTEGERSTACK\DEBUG\STACK.OBJ
C:\USERS\MARKIE-PC\DESKTOP\CONSOLEINTEGERSTACK\CONSOLEINTEGERSTACK\DEBUG\VC110.PDB
C:\USERS\MARKIE-PC\DESKTOP\CONSOLEINTEGERSTACK\DEBUG\CONSOLEINTEGERSTACK.ILK
C:\USERS\MARKIE-PC\DESKTOP\CONSOLEINTEGERSTACK\DEBUG\CONSOLEINTEGERSTACK.EXE
C:\USERS\MARKIE-PC\DESKTOP\CONSOLEINTEGERSTACK\DEBUG\CONSOLEINTEGERSTACK.PDB
C:\Users\Markie-PC\Desktop\ConsoleIntegerStack\ConsoleIntegerStack\Debug\driver.obj
C:\Users\Markie-PC\Desktop\ConsoleIntegerStack\ConsoleIntegerStack\Debug\Stack.obj
C:\Users\Markie-PC\Desktop\ConsoleIntegerStack\ConsoleIntegerStack\Debug\cl.command.1.tlog
C:\Users\Markie-PC\Desktop\ConsoleIntegerStack\ConsoleIntegerStack\Debug\CL.read.1.tlog
C:\Users\Markie-PC\Desktop\ConsoleIntegerStack\ConsoleIntegerStack\Debug\CL.write.1.tlog
C:\Users\Markie-PC\Desktop\ConsoleIntegerStack\ConsoleIntegerStack\Debug\link-cvtres.read.1.tlog
C:\Users\Markie-PC\Desktop\ConsoleIntegerStack\ConsoleIntegerStack\Debug\link-cvtres.write.1.tlog
C:\Users\Markie-PC\Desktop\ConsoleIntegerStack\ConsoleIntegerStack\Debug\link-rc.read.1.tlog
C:\Users\Markie-PC\Desktop\ConsoleIntegerStack\ConsoleIntegerStack\Debug\link-rc.write.1.tlog
C:\Users\Markie-PC\Desktop\ConsoleIntegerStack\ConsoleIntegerStack\Debug\link.command.1.tlog
C:\Users\Markie-PC\Desktop\ConsoleIntegerStack\ConsoleIntegerStack\Debug\link.read.1.tlog
C:\Users\Markie-PC\Desktop\ConsoleIntegerStack\ConsoleIntegerStack\Debug\link.write.1.tlog
C:\Users\Markie-PC\Desktop\ConsoleIntegerStack\ConsoleIntegerStack\Debug\vc110.idb
C:\Users\Markie-PC\Desktop\ConsoleIntegerStack\ConsoleIntegerStack\Debug\vc110.pdb
C:\Users\Markie-PC\Desktop\ConsoleIntegerStack\Debug\ConsoleIntegerStack.pdb
C:\Users\Markie-PC\Desktop\ConsoleIntegerStack\Debug\ConsoleIntegerStack.exe
C:\Users\Markie-PC\Desktop\ConsoleIntegerStack\Debug\ConsoleIntegerStack.ilk
